#
# A fatal error has been detected by the Java Runtime Environment:
#
#  SIGSEGV (0xb) at pc=0x000000010cd2e365, pid=57496, tid=0x0000000000000307
#
# JRE version: Java(TM) SE Runtime Environment (8.0_181-b13) (build 1.8.0_181-b13)
# Java VM: Java HotSpot(TM) 64-Bit Server VM (25.181-b13 mixed mode bsd-amd64 compressed oops)
# Problematic frame:
# C  [libglass.dylib+0x5365]  -[GlassApplication applicationWillResignActive:]+0xd5
#
# Failed to write core dump. Core dumps have been disabled. To enable core dumping, try "ulimit -c unlimited" before starting Java again
#
# If you would like to submit a bug report, please visit:
#   http://bugreport.java.com/bugreport/crash.jsp
#

---------------  T H R E A D  ---------------

Current thread is native thread

siginfo: si_signo: 11 (SIGSEGV), si_code: 1 (SEGV_MAPERR), si_addr: 0x0000000000000000

Registers:
RAX=0x00007fef4f664da0, RBX=0x0000000000000000, RCX=0x0000000000000008, RDX=0x0000000000000000
RSP=0x00007ffeed3611a0, RBP=0x00007ffeed3615d0, RSI=0x00007fff40bd4f1f, RDI=0x00007fef4db01070
R8 =0x0000000000000000, R9 =0x00007fef4f664da0, R10=0x00007fff9d020900, R11=0x00007fef4bd13490
R12=0x00007fff69bbfe80, R13=0x0000000000000000, R14=0x00007fef4bd8dd70, R15=0x00007fef4f664da0
RIP=0x000000010cd2e365, EFLAGS=0x0000000000010202, ERR=0x0000000000000004
  TRAPNO=0x000000000000000e

Top of Stack: (sp=0x00007ffeed3611a0)
0x00007ffeed3611a0:   000000010cd2e305 00007fff429bfedc
0x00007ffeed3611b0:   00007fff429bfdaa 00007fff429bfae1
0x00007ffeed3611c0:   00007fff4297d880 00007fff4297c9b7
0x00007ffeed3611d0:   00007fff44a8c8c7 00007fff4035f32c
0x00007ffeed3611e0:   00007fff406da236 00007fff3ff3a8b5
0x00007ffeed3611f0:   000000010c8aef72 0000000110f2211f
0x00007ffeed361200:   00007fff44aee2b5 00007fff429c8a11
0x00007ffeed361210:   00007fff42a8242c 00007fff429ab470
0x00007ffeed361220:   00007fff429aa8ed 00007fff429aa153
0x00007ffeed361230:   00000001028a146e 000000010289d03c
0x00007ffeed361240:   00000001028a34cb 000000010289c894
0x00007ffeed361250:   000000000000000d 0000000000000000
0x00007ffeed361260:   0000000000000000 0000000000000000
0x00007ffeed361270:   0000000000000003 0000000000000000
0x00007ffeed361280:   0000000000000000 0000000000000000
0x00007ffeed361290:   0000000000000000 0000000000000000
0x00007ffeed3612a0:   0000000000000000 0000000000000000
0x00007ffeed3612b0:   0000000000000000 0000000000000000
0x00007ffeed3612c0:   0000000000000000 0000000000000000
0x00007ffeed3612d0:   0000000000000000 0000000000000000
0x00007ffeed3612e0:   0000000000000000 0000000000000000
0x00007ffeed3612f0:   0000000000000000 62b059ae404b0097
0x00007ffeed361300:   00007ffeed361420 00007ffeed361470
0x00007ffeed361310:   00007fff6ab28819 00007fff6a991342
0x00007ffeed361320:   0000000000000000 00000001028b8080
0x00007ffeed361330:   0000000000000005 00000001028baa00
0x00007ffeed361340:   0000000000000050 0000000000000000
0x00007ffeed361350:   00007ffeed361420 00007fff6a990742
0x00007ffeed361360:   00007ffeed361440 00007fff6a8b7ee5
0x00007ffeed361370:   fd00000070001000 00007fef52b0ffff
0x00007ffeed361380:   00000001028bbe00 0000000000000002
0x00007ffeed361390:   00000001028bbe00 00007fff6ab287bf 

Instructions: (pc=0x000000010cd2e365)
0x000000010cd2e345:   8b 35 5d a1 03 00 4c 8b 25 2e 1e 03 00 41 ff d4
0x000000010cd2e355:   48 8b 35 fc a0 03 00 48 89 c7 41 ff d4 49 89 c7
0x000000010cd2e365:   48 8b 03 4c 8b a8 e8 01 00 00 48 8b 05 2a b6 03
0x000000010cd2e375:   00 4d 8b 34 06 48 8b 3d 5f b3 03 00 48 8b 35 48 

Register to memory mapping:

RAX=0x00007fef4f664da0 is an unknown value
RBX=0x0000000000000000 is an unknown value
RCX=0x0000000000000008 is an unknown value
RDX=0x0000000000000000 is an unknown value
RSP=0x00007ffeed3611a0 is an unknown value
RBP=0x00007ffeed3615d0 is an unknown value
RSI=0x00007fff40bd4f1f: .str.41.llvm.C4DC25C8+0x3a462 in /System/Library/Frameworks/AppKit.framework/Versions/C/AppKit at 0x00007fff3ff04000
RDI=0x00007fef4db01070 is an unknown value
R8 =0x0000000000000000 is an unknown value
R9 =0x00007fef4f664da0 is an unknown value
R10=0x00007fff9d020900: OBJC_CLASS_$_NSAutoreleasePool+0 in /System/Library/Frameworks/Foundation.framework/Versions/C/Foundation at 0x00007fff44a86000
R11=0x00007fef4bd13490 is an unknown value
R12=0x00007fff69bbfe80: objc_msgSend+0 in /usr/lib/libobjc.A.dylib at 0x00007fff69bb9000
R13=0x0000000000000000 is an unknown value
R14=0x00007fef4bd8dd70 is an unknown value
R15=0x00007fef4f664da0 is an unknown value


Stack: [0x00007ffeecb65000,0x00007ffeed365000],  sp=0x00007ffeed3611a0,  free space=8176k
Native frames: (J=compiled Java code, j=interpreted, Vv=VM code, C=native code)
C  [libglass.dylib+0x5365]  -[GlassApplication applicationWillResignActive:]+0xd5
C  [CoreFoundation+0x9aedc]  __CFNOTIFICATIONCENTER_IS_CALLING_OUT_TO_AN_OBSERVER__+0xc
C  [CoreFoundation+0x9adaa]  _CFXRegistrationPost+0x1ca
C  [CoreFoundation+0x9aae1]  ___CFXNotificationPost_block_invoke+0xe1
C  [CoreFoundation+0x58880]  -[_CFXNotificationRegistrar find:object:observer:enumerator:]+0x680
C  [CoreFoundation+0x579b7]  _CFXNotificationPost+0x257
C  [Foundation+0x68c7]  -[NSNotificationCenter postNotificationName:object:userInfo:]+0x42
C  [AppKit+0x45b32c]  -[NSApplication _handleDeactivateEvent:]+0x74
C  [AppKit+0x7d6236]  -[NSApplication(NSEvent) sendEvent:]+0x99e
C  [AppKit+0x368b5]  -[NSApplication run]+0x32c
C  [libosxapp.dylib+0x1f72]  +[NSApplicationAWT runAWTLoopWithApp:]+0x9c
C  [libawt_lwawt.dylib+0x4711f]  -[AWTStarter starter:]+0x389
C  [Foundation+0x682b5]  __NSThreadPerformPerform+0x14e
C  [CoreFoundation+0xa3a11]  __CFRUNLOOP_IS_CALLING_OUT_TO_A_SOURCE0_PERFORM_FUNCTION__+0x11
C  [CoreFoundation+0x15d42c]  __CFRunLoopDoSource0+0x6c
C  [CoreFoundation+0x86470]  __CFRunLoopDoSources0+0xd0
C  [CoreFoundation+0x858ed]  __CFRunLoopRun+0x50d
C  [CoreFoundation+0x85153]  CFRunLoopRunSpecific+0x1e3
C  [java+0x646e]  CreateExecutionEnvironment+0x367
C  [java+0x203c]  JLI_Launch+0x7a0
C  [java+0x84cb]  main+0x65
C  [java+0x1894]  start+0x34


---------------  P R O C E S S  ---------------

VM state:not at safepoint (normal execution)

VM Mutex/Monitor currently owned by a thread: None

Heap:
 PSYoungGen      total 641536K, used 105459K [0x0000000795580000, 0x00000007bfa00000, 0x00000007c0000000)
  eden space 592896K, 17% used [0x0000000795580000,0x000000079bb7b280,0x00000007b9880000)
  from space 48640K, 2% used [0x00000007b9880000,0x00000007b9981a50,0x00000007bc800000)
  to   space 45568K, 0% used [0x00000007bcd80000,0x00000007bcd80000,0x00000007bfa00000)
 ParOldGen       total 325632K, used 199005K [0x0000000740000000, 0x0000000753e00000, 0x0000000795580000)
  object space 325632K, 61% used [0x0000000740000000,0x000000074c257650,0x0000000753e00000)
 Metaspace       used 47525K, capacity 50492K, committed 50688K, reserved 1091584K
  class space    used 7395K, capacity 7933K, committed 7936K, reserved 1048576K

Card table byte_map: [0x00000001045c0000,0x00000001049c1000] byte_map_base: 0x0000000100bc0000

Marking Bits: (ParMarkBitMap*) 0x00000001031cdcd0
 Begin Bits: [0x0000000104c6c000, 0x0000000106c6c000)
 End Bits:   [0x0000000106c6c000, 0x0000000108c6c000)

Polling page: 0x00000001038cc000

CodeCache: size=245760Kb used=21632Kb max_used=21646Kb free=224127Kb
 bounds [0x0000000111877000, 0x0000000112dc7000, 0x0000000120877000]
 total_blobs=6645 nmethods=5866 adapters=691
 compilation: enabled

Compilation events (10 events):
Event: 200.578 Thread 0x00007fef4c86b000 8107 %     4       javafx.scene.control.TextArea$TextAreaContent::get @ 152 (288 bytes)
Event: 200.587 Thread 0x00007fef4c8e8800 8108       3       javafx.scene.Node::getStyleClass (15 bytes)
Event: 200.587 Thread 0x00007fef4c8e8800 nmethod 8108 0x0000000112b76cd0 code [0x0000000112b76e40, 0x0000000112b77008]
Event: 200.587 Thread 0x00007fef4c8e8800 8110       3       javafx.beans.binding.NumberExpressionBase::$jacocoInit (52 bytes)
Event: 200.588 Thread 0x00007fef4c8e8800 nmethod 8110 0x00000001128e87d0 code [0x00000001128e89a0, 0x00000001128e9238]
Event: 200.588 Thread 0x00007fef4c8e8800 8111       3       javafx.scene.control.TableView::$jacocoInit (54 bytes)
Event: 200.588 Thread 0x00007fef4c8e8800 nmethod 8111 0x0000000112b2c390 code [0x0000000112b2c580, 0x0000000112b2cf78]
Event: 200.588 Thread 0x00007fef4c8e8800 8109       3       javafx.beans.binding.IntegerExpression::$jacocoInit (52 bytes)
Event: 200.588 Thread 0x00007fef4c8e8800 nmethod 8109 0x0000000112a36f90 code [0x0000000112a37160, 0x0000000112a379f8]
Event: 200.602 Thread 0x00007fef4c86b000 nmethod 8107% 0x00000001129f1050 code [0x00000001129f1260, 0x00000001129f20a8]

GC Heap History (10 events):
Event: 200.320 GC heap before
{Heap before GC invocations=50 (full 5):
 PSYoungGen      total 625152K, used 565973K [0x0000000795580000, 0x00000007bf580000, 0x00000007c0000000)
  eden space 564224K, 99% used [0x0000000795580000,0x00000007b7c2d2a0,0x00000007b7c80000)
  from space 60928K, 3% used [0x00000007bba00000,0x00000007bbc08348,0x00000007bf580000)
  to   space 61952K, 0% used [0x00000007b7c80000,0x00000007b7c80000,0x00000007bb900000)
 ParOldGen       total 325632K, used 198853K [0x0000000740000000, 0x0000000753e00000, 0x0000000795580000)
  object space 325632K, 61% used [0x0000000740000000,0x000000074c231530,0x0000000753e00000)
 Metaspace       used 47410K, capacity 50362K, committed 50432K, reserved 1091584K
  class space    used 7384K, capacity 7932K, committed 7936K, reserved 1048576K
Event: 200.324 GC heap after
Heap after GC invocations=50 (full 5):
 PSYoungGen      total 626176K, used 2239K [0x0000000795580000, 0x00000007bfa00000, 0x00000007c0000000)
  eden space 564224K, 0% used [0x0000000795580000,0x0000000795580000,0x00000007b7c80000)
  from space 61952K, 3% used [0x00000007b7c80000,0x00000007b7eafda8,0x00000007bb900000)
  to   space 58368K, 0% used [0x00000007bc100000,0x00000007bc100000,0x00000007bfa00000)
 ParOldGen       total 325632K, used 198885K [0x0000000740000000, 0x0000000753e00000, 0x0000000795580000)
  object space 325632K, 61% used [0x0000000740000000,0x000000074c239530,0x0000000753e00000)
 Metaspace       used 47410K, capacity 50362K, committed 50432K, reserved 1091584K
  class space    used 7384K, capacity 7932K, committed 7936K, reserved 1048576K
}
Event: 200.374 GC heap before
{Heap before GC invocations=51 (full 5):
 PSYoungGen      total 626176K, used 566328K [0x0000000795580000, 0x00000007bfa00000, 0x00000007c0000000)
  eden space 564224K, 99% used [0x0000000795580000,0x00000007b7c5e4b0,0x00000007b7c80000)
  from space 61952K, 3% used [0x00000007b7c80000,0x00000007b7eafda8,0x00000007bb900000)
  to   space 58368K, 0% used [0x00000007bc100000,0x00000007bc100000,0x00000007bfa00000)
 ParOldGen       total 325632K, used 198885K [0x0000000740000000, 0x0000000753e00000, 0x0000000795580000)
  object space 325632K, 61% used [0x0000000740000000,0x000000074c239530,0x0000000753e00000)
 Metaspace       used 47410K, capacity 50362K, committed 50432K, reserved 1091584K
  class space    used 7384K, capacity 7932K, committed 7936K, reserved 1048576K
Event: 200.378 GC heap after
Heap after GC invocations=51 (full 5):
 PSYoungGen      total 632320K, used 870K [0x0000000795580000, 0x00000007bf580000, 0x00000007c0000000)
  eden space 578560K, 0% used [0x0000000795580000,0x0000000795580000,0x00000007b8a80000)
  from space 53760K, 1% used [0x00000007bc100000,0x00000007bc1d9b30,0x00000007bf580000)
  to   space 54784K, 0% used [0x00000007b8a80000,0x00000007b8a80000,0x00000007bc000000)
 ParOldGen       total 325632K, used 198909K [0x0000000740000000, 0x0000000753e00000, 0x0000000795580000)
  object space 325632K, 61% used [0x0000000740000000,0x000000074c23f530,0x0000000753e00000)
 Metaspace       used 47410K, capacity 50362K, committed 50432K, reserved 1091584K
  class space    used 7384K, capacity 7932K, committed 7936K, reserved 1048576K
}
Event: 200.431 GC heap before
{Heap before GC invocations=52 (full 5):
 PSYoungGen      total 632320K, used 579065K [0x0000000795580000, 0x00000007bf580000, 0x00000007c0000000)
  eden space 578560K, 99% used [0x0000000795580000,0x00000007b8a24a90,0x00000007b8a80000)
  from space 53760K, 1% used [0x00000007bc100000,0x00000007bc1d9b30,0x00000007bf580000)
  to   space 54784K, 0% used [0x00000007b8a80000,0x00000007b8a80000,0x00000007bc000000)
 ParOldGen       total 325632K, used 198909K [0x0000000740000000, 0x0000000753e00000, 0x0000000795580000)
  object space 325632K, 61% used [0x0000000740000000,0x000000074c23f530,0x0000000753e00000)
 Metaspace       used 47410K, capacity 50362K, committed 50432K, reserved 1091584K
  class space    used 7384K, capacity 7932K, committed 7936K, reserved 1048576K
Event: 200.434 GC heap after
Heap after GC invocations=52 (full 5):
 PSYoungGen      total 633344K, used 2591K [0x0000000795580000, 0x00000007bfa00000, 0x00000007c0000000)
  eden space 578560K, 0% used [0x0000000795580000,0x0000000795580000,0x00000007b8a80000)
  from space 54784K, 4% used [0x00000007b8a80000,0x00000007b8d07e48,0x00000007bc000000)
  to   space 51200K, 0% used [0x00000007bc800000,0x00000007bc800000,0x00000007bfa00000)
 ParOldGen       total 325632K, used 198933K [0x0000000740000000, 0x0000000753e00000, 0x0000000795580000)
  object space 325632K, 61% used [0x0000000740000000,0x000000074c245530,0x0000000753e00000)
 Metaspace       used 47410K, capacity 50362K, committed 50432K, reserved 1091584K
  class space    used 7384K, capacity 7932K, committed 7936K, reserved 1048576K
}
Event: 200.487 GC heap before
{Heap before GC invocations=53 (full 5):
 PSYoungGen      total 633344K, used 580723K [0x0000000795580000, 0x00000007bfa00000, 0x00000007c0000000)
  eden space 578560K, 99% used [0x0000000795580000,0x00000007b8a150b0,0x00000007b8a80000)
  from space 54784K, 4% used [0x00000007b8a80000,0x00000007b8d07e48,0x00000007bc000000)
  to   space 51200K, 0% used [0x00000007bc800000,0x00000007bc800000,0x00000007bfa00000)
 ParOldGen       total 325632K, used 198933K [0x0000000740000000, 0x0000000753e00000, 0x0000000795580000)
  object space 325632K, 61% used [0x0000000740000000,0x000000074c245530,0x0000000753e00000)
 Metaspace       used 47410K, capacity 50362K, committed 50432K, reserved 1091584K
  class space    used 7384K, capacity 7932K, committed 7936K, reserved 1048576K
Event: 200.490 GC heap after
Heap after GC invocations=53 (full 5):
 PSYoungGen      total 641536K, used 1011K [0x0000000795580000, 0x00000007bf780000, 0x00000007c0000000)
  eden space 592896K, 0% used [0x0000000795580000,0x0000000795580000,0x00000007b9880000)
  from space 48640K, 2% used [0x00000007bc800000,0x00000007bc8fcef0,0x00000007bf780000)
  to   space 48640K, 0% used [0x00000007b9880000,0x00000007b9880000,0x00000007bc800000)
 ParOldGen       total 325632K, used 198965K [0x0000000740000000, 0x0000000753e00000, 0x0000000795580000)
  object space 325632K, 61% used [0x0000000740000000,0x000000074c24d530,0x0000000753e00000)
 Metaspace       used 47410K, capacity 50362K, committed 50432K, reserved 1091584K
  class space    used 7384K, capacity 7932K, committed 7936K, reserved 1048576K
}
Event: 200.543 GC heap before
{Heap before GC invocations=54 (full 5):
 PSYoungGen      total 641536K, used 593425K [0x0000000795580000, 0x00000007bf780000, 0x00000007c0000000)
  eden space 592896K, 99% used [0x0000000795580000,0x00000007b9807530,0x00000007b9880000)
  from space 48640K, 2% used [0x00000007bc800000,0x00000007bc8fcef0,0x00000007bf780000)
  to   space 48640K, 0% used [0x00000007b9880000,0x00000007b9880000,0x00000007bc800000)
 ParOldGen       total 325632K, used 198965K [0x0000000740000000, 0x0000000753e00000, 0x0000000795580000)
  object space 325632K, 61% used [0x0000000740000000,0x000000074c24d530,0x0000000753e00000)
 Metaspace       used 47410K, capacity 50362K, committed 50432K, reserved 1091584K
  class space    used 7384K, capacity 7932K, committed 7936K, reserved 1048576K
Event: 200.546 GC heap after
Heap after GC invocations=54 (full 5):
 PSYoungGen      total 641536K, used 1030K [0x0000000795580000, 0x00000007bfa00000, 0x00000007c0000000)
  eden space 592896K, 0% used [0x0000000795580000,0x0000000795580000,0x00000007b9880000)
  from space 48640K, 2% used [0x00000007b9880000,0x00000007b9981a50,0x00000007bc800000)
  to   space 45568K, 0% used [0x00000007bcd80000,0x00000007bcd80000,0x00000007bfa00000)
 ParOldGen       total 325632K, used 199005K [0x0000000740000000, 0x0000000753e00000, 0x0000000795580000)
  object space 325632K, 61% used [0x0000000740000000,0x000000074c257650,0x0000000753e00000)
 Metaspace       used 47410K, capacity 50362K, committed 50432K, reserved 1091584K
  class space    used 7384K, capacity 7932K, committed 7936K, reserved 1048576K
}

Deoptimization events (10 events):
Event: 199.946 Thread 0x00007fef4cd3a800 Uncommon trap: reason=unloaded action=reinterpret pc=0x000000011212c8e4 method=java.lang.CharacterData.of(I)Ljava/lang/CharacterData; @ 100
Event: 199.956 Thread 0x00007fef4cd3a800 Uncommon trap: reason=null_check action=make_not_entrant pc=0x0000000112d8140c method=java.text.SimpleDateFormat.checkNegativeNumberExpression()V @ 40
Event: 200.557 Thread 0x00007fef4cd3a800 Uncommon trap: reason=unstable_if action=reinterpret pc=0x0000000112168fb0 method=javafx.scene.control.TextArea$TextAreaContent.get(II)Ljava/lang/String; @ 156
Event: 200.570 Thread 0x00007fef4cd3a800 Uncommon trap: reason=unstable_if action=reinterpret pc=0x0000000111c1c394 method=javafx.scene.control.TextArea$TextAreaContent.insert(ILjava/lang/String;Z)V @ 148
Event: 200.586 Thread 0x00007fef4cd3a800 Uncommon trap: reason=unstable_if action=reinterpret pc=0x0000000112d7990c method=sun.util.calendar.CalendarUtils.isGregorianLeapYear(I)Z @ 10
Event: 200.586 Thread 0x00007fef4cd3a800 Uncommon trap: reason=unstable_if action=reinterpret pc=0x0000000112d6ce50 method=sun.util.calendar.CalendarUtils.isGregorianLeapYear(I)Z @ 10
Event: 200.586 Thread 0x00007fef4cd3a800 Uncommon trap: reason=unstable_if action=reinterpret pc=0x0000000112d8a984 method=sun.util.calendar.CalendarUtils.isGregorianLeapYear(I)Z @ 10
Event: 200.594 Thread 0x00007fef4cd3a800 Uncommon trap: reason=bimorphic action=maybe_recompile pc=0x00000001127878b0 method=java.util.Collections$UnmodifiableMap.get(Ljava/lang/Object;)Ljava/lang/Object; @ 5
Event: 200.596 Thread 0x00007fef4cd3a800 Uncommon trap: reason=unstable_if action=reinterpret pc=0x0000000112d78a70 method=java.util.Locale.hashCode()I @ 6
Event: 200.598 Thread 0x00007fef4cd3a800 Uncommon trap: reason=class_check action=maybe_recompile pc=0x000000011295a480 method=java.util.LinkedHashMap.afterNodeInsertion(Z)V @ 15

Classes redefined (0 events):
No events

Internal exceptions (10 events):
Event: 142.588 Thread 0x00007fef4cd3a800 Exception <a 'java/lang/NoSuchMethodError': java.lang.Object.lambda$comparing$77a9974f$1(Ljava/util/function/Function;Ljava/lang/Object;Ljava/lang/Object;)I> (0x000000079da27140) thrown at [/Users/java_re/workspace/8-2-build-macosx-x86_64/jdk8u181/11358/h
Event: 142.590 Thread 0x00007fef4cd3a800 Exception <a 'java/lang/reflect/InvocationTargetException'> (0x000000079da34640) thrown at [/Users/java_re/workspace/8-2-build-macosx-x86_64/jdk8u181/11358/hotspot/src/share/vm/runtime/reflection.cpp, line 1092]
Event: 142.607 Thread 0x00007fef4c9a8000 Exception <a 'java/lang/NoSuchMethodError': <clinit>> (0x000000079e24a320) thrown at [/Users/java_re/workspace/8-2-build-macosx-x86_64/jdk8u181/11358/hotspot/src/share/vm/prims/jni.cpp, line 1613]
Event: 142.615 Thread 0x00007fef4c9a8000 Exception <a 'java/lang/NoSuchMethodError': <clinit>> (0x000000079e28fd80) thrown at [/Users/java_re/workspace/8-2-build-macosx-x86_64/jdk8u181/11358/hotspot/src/share/vm/prims/jni.cpp, line 1613]
Event: 189.489 Thread 0x00007fef4cd3a800 Exception <a 'java/net/SocketTimeoutException': Read timed out> (0x00000007aeee2d50) thrown at [/Users/java_re/workspace/8-2-build-macosx-x86_64/jdk8u181/11358/hotspot/src/share/vm/prims/jni.cpp, line 735]
Event: 192.957 Thread 0x00007fef4cd3a800 Exception <a 'java/net/SocketTimeoutException': Read timed out> (0x0000000799a03190) thrown at [/Users/java_re/workspace/8-2-build-macosx-x86_64/jdk8u181/11358/hotspot/src/share/vm/prims/jni.cpp, line 735]
Event: 195.173 Thread 0x00007fef4cd3a800 Implicit null exception at 0x0000000111b3b068 to 0x0000000111b3b88e
Event: 195.173 Thread 0x00007fef4cd3a800 Exception <a 'java/lang/NullPointerException'> (0x00000007a56a8790) thrown at [/Users/java_re/workspace/8-2-build-macosx-x86_64/jdk8u181/11358/hotspot/src/share/vm/runtime/sharedRuntime.cpp, line 605]
Event: 197.539 Thread 0x00007fef4cd3a800 Implicit null exception at 0x00000001129b7cfc to 0x00000001129b91bd
Event: 199.956 Thread 0x00007fef4cd3a800 Implicit null exception at 0x0000000112d7fdfe to 0x0000000112d813e1

Events (10 events):
Event: 200.597 loading class sun/awt/resources/awt done
Event: 200.597 loading class sun/awt/resources/awt_ko
Event: 200.598 loading class sun/awt/resources/awt_ko done
Event: 200.598 loading class java/awt/Toolkit$3
Event: 200.598 loading class java/awt/Toolkit$3 done
Event: 200.598 Thread 0x00007fef4cd3a800 Uncommon trap: trap_request=0xffffffde fr.pc=0x000000011295a480
Event: 200.598 Thread 0x00007fef4cd3a800 DEOPT PACKING pc=0x000000011295a480 sp=0x000070000d77d490
Event: 200.598 Thread 0x00007fef4cd3a800 DEOPT UNPACKING pc=0x00000001118bc73a sp=0x000070000d77d430 mode 2
Event: 200.648 loading class sun/misc/ThreadGroupUtils
Event: 200.649 loading class sun/misc/ThreadGroupUtils done


Dynamic libraries:
0x00007fff42172000 	/System/Library/Frameworks/Cocoa.framework/Versions/A/Cocoa
0x00007fff4e78b000 	/System/Library/Frameworks/Security.framework/Versions/A/Security
0x00007fff40db4000 	/System/Library/Frameworks/ApplicationServices.framework/Versions/A/ApplicationServices
0x00007fff6a5cf000 	/usr/lib/libz.1.dylib
0x00007fff68500000 	/usr/lib/libSystem.B.dylib
0x00007fff69bb9000 	/usr/lib/libobjc.A.dylib
0x00007fff42925000 	/System/Library/Frameworks/CoreFoundation.framework/Versions/A/CoreFoundation
0x00007fff44a86000 	/System/Library/Frameworks/Foundation.framework/Versions/C/Foundation
0x00007fff3ff04000 	/System/Library/Frameworks/AppKit.framework/Versions/C/AppKit
0x00007fff424ea000 	/System/Library/Frameworks/CoreData.framework/Versions/A/CoreData
0x00007fff61e45000 	/System/Library/PrivateFrameworks/RemoteViewServices.framework/Versions/A/RemoteViewServices
0x00007fff665a5000 	/System/Library/PrivateFrameworks/UIFoundation.framework/Versions/A/UIFoundation
0x00007fff56c53000 	/System/Library/PrivateFrameworks/DFRFoundation.framework/Versions/A/DFRFoundation
0x00007fff470f2000 	/System/Library/Frameworks/Metal.framework/Versions/A/Metal
0x00007fff56df0000 	/System/Library/PrivateFrameworks/DesktopServicesPriv.framework/Versions/A/DesktopServicesPriv
0x00007fff69106000 	/usr/lib/libenergytrace.dylib
0x00007fff64610000 	/System/Library/PrivateFrameworks/SkyLight.framework/Versions/A/SkyLight
0x00007fff42dc8000 	/System/Library/Frameworks/CoreGraphics.framework/Versions/A/CoreGraphics
0x00007fff684fb000 	/usr/lib/libScreenReader.dylib
0x00007fff3ee9e000 	/System/Library/Frameworks/Accelerate.framework/Versions/A/Accelerate
0x00007fff45200000 	/System/Library/Frameworks/IOSurface.framework/Versions/A/IOSurface
0x00007fff412fe000 	/System/Library/Frameworks/AudioToolbox.framework/Versions/A/AudioToolbox
0x00007fff4158e000 	/System/Library/Frameworks/AudioUnit.framework/Versions/A/AudioUnit
0x00007fff56ceb000 	/System/Library/PrivateFrameworks/DataDetectorsCore.framework/Versions/A/DataDetectorsCore
0x00007fff41c65000 	/System/Library/Frameworks/Carbon.framework/Versions/A/Frameworks/HIToolbox.framework/Versions/A/HIToolbox
0x00007fff69260000 	/usr/lib/libicucore.A.dylib
0x00007fff4dd0a000 	/System/Library/Frameworks/QuartzCore.framework/Versions/A/QuartzCore
0x00007fff638c7000 	/System/Library/PrivateFrameworks/SignpostNotification.framework/Versions/A/SignpostNotification
0x00007fff4204b000 	/System/Library/Frameworks/Carbon.framework/Versions/A/Frameworks/SpeechRecognition.framework/Versions/A/SpeechRecognition
0x00007fff6865c000 	/usr/lib/libauto.dylib
0x00007fff6a4be000 	/usr/lib/libxml2.2.dylib
0x00007fff568a4000 	/System/Library/PrivateFrameworks/CoreUI.framework/Versions/A/CoreUI
0x00007fff423c6000 	/System/Library/Frameworks/CoreAudio.framework/Versions/A/CoreAudio
0x00007fff448c0000 	/System/Library/Frameworks/DiskArbitration.framework/Versions/A/DiskArbitration
0x00007fff694d4000 	/usr/lib/liblangid.dylib
0x00007fff5e34f000 	/System/Library/PrivateFrameworks/MultitouchSupport.framework/Versions/A/MultitouchSupport
0x00007fff45163000 	/System/Library/Frameworks/IOKit.framework/Versions/A/IOKit
0x00007fff6818a000 	/usr/lib/libDiagnosticMessagesClient.dylib
0x00007fff43a9e000 	/System/Library/Frameworks/CoreServices.framework/Versions/A/CoreServices
0x00007fff5fe81000 	/System/Library/PrivateFrameworks/PerformanceAnalysis.framework/Versions/A/PerformanceAnalysis
0x00007fff4ceac000 	/System/Library/Frameworks/OpenGL.framework/Versions/A/OpenGL
0x00007fff42180000 	/System/Library/Frameworks/ColorSync.framework/Versions/A/ColorSync
0x00007fff433da000 	/System/Library/Frameworks/CoreImage.framework/Versions/A/CoreImage
0x00007fff4442e000 	/System/Library/Frameworks/CoreText.framework/Versions/A/CoreText
0x00007fff4525e000 	/System/Library/Frameworks/ImageIO.framework/Versions/A/ImageIO
0x00007fff5359b000 	/System/Library/PrivateFrameworks/Backup.framework/Versions/A/Backup
0x00007fff685ac000 	/usr/lib/libarchive.2.dylib
0x00007fff418b1000 	/System/Library/Frameworks/CFNetwork.framework/Versions/A/CFNetwork
0x00007fff4ef1e000 	/System/Library/Frameworks/SystemConfiguration.framework/Versions/A/SystemConfiguration
0x00007fff680b3000 	/usr/lib/libCRFSuite.dylib
0x00007fff68735000 	/usr/lib/libc++.1.dylib
0x00007fff6878c000 	/usr/lib/libc++abi.dylib
0x00007fff6a67d000 	/usr/lib/system/libcache.dylib
0x00007fff6a682000 	/usr/lib/system/libcommonCrypto.dylib
0x00007fff6a68d000 	/usr/lib/system/libcompiler_rt.dylib
0x00007fff6a695000 	/usr/lib/system/libcopyfile.dylib
0x00007fff6a69f000 	/usr/lib/system/libcorecrypto.dylib
0x00007fff6a7ac000 	/usr/lib/system/libdispatch.dylib
0x00007fff6a7e6000 	/usr/lib/system/libdyld.dylib
0x00007fff6a804000 	/usr/lib/system/libkeymgr.dylib
0x00007fff6a812000 	/usr/lib/system/liblaunch.dylib
0x00007fff6a813000 	/usr/lib/system/libmacho.dylib
0x00007fff6a818000 	/usr/lib/system/libquarantine.dylib
0x00007fff6a81b000 	/usr/lib/system/libremovefile.dylib
0x00007fff6a81d000 	/usr/lib/system/libsystem_asl.dylib
0x00007fff6a835000 	/usr/lib/system/libsystem_blocks.dylib
0x00007fff6a836000 	/usr/lib/system/libsystem_c.dylib
0x00007fff6a8c0000 	/usr/lib/system/libsystem_configuration.dylib
0x00007fff6a8c4000 	/usr/lib/system/libsystem_coreservices.dylib
0x00007fff6a8c8000 	/usr/lib/system/libsystem_darwin.dylib
0x00007fff6a8ca000 	/usr/lib/system/libsystem_dnssd.dylib
0x00007fff6a8d1000 	/usr/lib/system/libsystem_info.dylib
0x00007fff6a942000 	/usr/lib/system/libsystem_m.dylib
0x00007fff6a98e000 	/usr/lib/system/libsystem_malloc.dylib
0x00007fff6a9ae000 	/usr/lib/system/libsystem_network.dylib
0x00007fff6aadf000 	/usr/lib/system/libsystem_networkextension.dylib
0x00007fff6aaea000 	/usr/lib/system/libsystem_notify.dylib
0x00007fff6ab08000 	/usr/lib/system/libsystem_sandbox.dylib
0x00007fff6ab0c000 	/usr/lib/system/libsystem_secinit.dylib
0x00007fff6a91b000 	/usr/lib/system/libsystem_kernel.dylib
0x00007fff6aaf4000 	/usr/lib/system/libsystem_platform.dylib
0x00007fff6aafc000 	/usr/lib/system/libsystem_pthread.dylib
0x00007fff6ab0e000 	/usr/lib/system/libsystem_symptoms.dylib
0x00007fff6ab16000 	/usr/lib/system/libsystem_trace.dylib
0x00007fff6ab2b000 	/usr/lib/system/libunwind.dylib
0x00007fff6ab31000 	/usr/lib/system/libxpc.dylib
0x00007fff67fc6000 	/usr/lib/closure/libclosured.dylib
0x00007fff68716000 	/usr/lib/libbsm.0.dylib
0x00007fff6a805000 	/usr/lib/system/libkxld.dylib
0x00007fff683c4000 	/usr/lib/libOpenScriptingUtil.dylib
0x00007fff68a85000 	/usr/lib/libcoretls.dylib
0x00007fff68a9e000 	/usr/lib/libcoretls_cfhelpers.dylib
0x00007fff69fba000 	/usr/lib/libpam.2.dylib
0x00007fff6a0e1000 	/usr/lib/libsqlite3.dylib
0x00007fff6a4ad000 	/usr/lib/libxar.1.dylib
0x00007fff68727000 	/usr/lib/libbz2.1.0.dylib
0x00007fff694d6000 	/usr/lib/liblzma.5.dylib
0x00007fff699b7000 	/usr/lib/libnetwork.dylib
0x00007fff68595000 	/usr/lib/libapple_nghttp2.dylib
0x00007fff69fc1000 	/usr/lib/libpcap.A.dylib
0x00007fff6865d000 	/usr/lib/libboringssl.dylib
0x00007fff6a448000 	/usr/lib/libusrtcp.dylib
0x00007fff68594000 	/usr/lib/libapple_crypto.dylib
0x00007fff43e21000 	/System/Library/Frameworks/CoreServices.framework/Versions/A/Frameworks/FSEvents.framework/Versions/A/FSEvents
0x00007fff43b14000 	/System/Library/Frameworks/CoreServices.framework/Versions/A/Frameworks/CarbonCore.framework/Versions/A/CarbonCore
0x00007fff43fe8000 	/System/Library/Frameworks/CoreServices.framework/Versions/A/Frameworks/Metadata.framework/Versions/A/Metadata
0x00007fff44099000 	/System/Library/Frameworks/CoreServices.framework/Versions/A/Frameworks/OSServices.framework/Versions/A/OSServices
0x00007fff440fa000 	/System/Library/Frameworks/CoreServices.framework/Versions/A/Frameworks/SearchKit.framework/Versions/A/SearchKit
0x00007fff43a9f000 	/System/Library/Frameworks/CoreServices.framework/Versions/A/Frameworks/AE.framework/Versions/A/AE
0x00007fff43e2a000 	/System/Library/Frameworks/CoreServices.framework/Versions/A/Frameworks/LaunchServices.framework/Versions/A/LaunchServices
0x00007fff43dec000 	/System/Library/Frameworks/CoreServices.framework/Versions/A/Frameworks/DictionaryServices.framework/Versions/A/DictionaryServices
0x00007fff44169000 	/System/Library/Frameworks/CoreServices.framework/Versions/A/Frameworks/SharedFileList.framework/Versions/A/SharedFileList
0x00007fff48328000 	/System/Library/Frameworks/NetFS.framework/Versions/A/NetFS
0x00007fff5e5e0000 	/System/Library/PrivateFrameworks/NetAuth.framework/Versions/A/NetAuth
0x00007fff67e5d000 	/System/Library/PrivateFrameworks/login.framework/Versions/A/Frameworks/loginsupport.framework/Versions/A/loginsupport
0x00007fff66222000 	/System/Library/PrivateFrameworks/TCC.framework/Versions/A/TCC
0x00007fff695b7000 	/usr/lib/libmecabra.dylib
0x00007fff40db5000 	/System/Library/Frameworks/ApplicationServices.framework/Versions/A/Frameworks/ATS.framework/Versions/A/ATS
0x00007fff41163000 	/System/Library/Frameworks/ApplicationServices.framework/Versions/A/Frameworks/ColorSyncLegacy.framework/Versions/A/ColorSyncLegacy
0x00007fff41207000 	/System/Library/Frameworks/ApplicationServices.framework/Versions/A/Frameworks/HIServices.framework/Versions/A/HIServices
0x00007fff4125a000 	/System/Library/Frameworks/ApplicationServices.framework/Versions/A/Frameworks/LangAnalysis.framework/Versions/A/LangAnalysis
0x00007fff41269000 	/System/Library/Frameworks/ApplicationServices.framework/Versions/A/Frameworks/PrintCore.framework/Versions/A/PrintCore
0x00007fff412b6000 	/System/Library/Frameworks/ApplicationServices.framework/Versions/A/Frameworks/QD.framework/Versions/A/QD
0x00007fff412f1000 	/System/Library/Frameworks/ApplicationServices.framework/Versions/A/Frameworks/SpeechSynthesis.framework/Versions/A/SpeechSynthesis
0x00007fff42841000 	/System/Library/Frameworks/CoreDisplay.framework/Versions/A/CoreDisplay
0x00007fff3eeb6000 	/System/Library/Frameworks/Accelerate.framework/Versions/A/Frameworks/vImage.framework/Versions/A/vImage
0x00007fff3fc10000 	/System/Library/Frameworks/Accelerate.framework/Versions/A/Frameworks/vecLib.framework/Versions/A/vecLib
0x00007fff3f9b0000 	/System/Library/Frameworks/Accelerate.framework/Versions/A/Frameworks/vecLib.framework/Versions/A/libvDSP.dylib
0x00007fff3f510000 	/System/Library/Frameworks/Accelerate.framework/Versions/A/Frameworks/vecLib.framework/Versions/A/libBNNS.dylib
0x00007fff3f915000 	/System/Library/Frameworks/Accelerate.framework/Versions/A/Frameworks/vecLib.framework/Versions/A/libQuadrature.dylib
0x00007fff3fb5e000 	/System/Library/Frameworks/Accelerate.framework/Versions/A/Frameworks/vecLib.framework/Versions/A/libvMisc.dylib
0x00007fff3f53f000 	/System/Library/Frameworks/Accelerate.framework/Versions/A/Frameworks/vecLib.framework/Versions/A/libLAPACK.dylib
0x00007fff3f3b5000 	/System/Library/Frameworks/Accelerate.framework/Versions/A/Frameworks/vecLib.framework/Versions/A/libBLAS.dylib
0x00007fff3f8ff000 	/System/Library/Frameworks/Accelerate.framework/Versions/A/Frameworks/vecLib.framework/Versions/A/libLinearAlgebra.dylib
0x00007fff3f91b000 	/System/Library/Frameworks/Accelerate.framework/Versions/A/Frameworks/vecLib.framework/Versions/A/libSparse.dylib
0x00007fff3f99c000 	/System/Library/Frameworks/Accelerate.framework/Versions/A/Frameworks/vecLib.framework/Versions/A/libSparseBLAS.dylib
0x00007fff5b42f000 	/System/Library/PrivateFrameworks/GPUWrangler.framework/Versions/A/GPUWrangler
0x00007fff5cbc0000 	/System/Library/PrivateFrameworks/IOAccelerator.framework/Versions/A/IOAccelerator
0x00007fff5cbcb000 	/System/Library/PrivateFrameworks/IOPresentment.framework/Versions/A/IOPresentment
0x00007fff56c65000 	/System/Library/PrivateFrameworks/DSExternalDisplay.framework/Versions/A/DSExternalDisplay
0x00007fff4c32b000 	/System/Library/Frameworks/OpenGL.framework/Versions/A/Libraries/libCoreFSCache.dylib
0x00007fff4457f000 	/System/Library/Frameworks/CoreVideo.framework/Versions/A/CoreVideo
0x00007fff5c1aa000 	/System/Library/PrivateFrameworks/GraphVisualizer.framework/Versions/A/GraphVisualizer
0x00007fff47329000 	/System/Library/Frameworks/MetalPerformanceShaders.framework/Versions/A/MetalPerformanceShaders
0x00007fff681c2000 	/usr/lib/libFosl_dynamic.dylib
0x00007fff57d39000 	/System/Library/PrivateFrameworks/FaceCore.framework/Versions/A/FaceCore
0x00007fff4b126000 	/System/Library/Frameworks/OpenCL.framework/Versions/A/OpenCL
0x00007fff687c3000 	/usr/lib/libcompression.dylib
0x00007fff40eb4000 	/System/Library/Frameworks/ApplicationServices.framework/Versions/A/Frameworks/ATS.framework/Versions/A/Resources/libFontParser.dylib
0x00007fff40fd7000 	/System/Library/Frameworks/ApplicationServices.framework/Versions/A/Frameworks/ATS.framework/Versions/A/Resources/libFontRegistry.dylib
0x00007fff454c6000 	/System/Library/Frameworks/ImageIO.framework/Versions/A/Resources/libJPEG.dylib
0x00007fff457ef000 	/System/Library/Frameworks/ImageIO.framework/Versions/A/Resources/libTIFF.dylib
0x00007fff457c5000 	/System/Library/Frameworks/ImageIO.framework/Versions/A/Resources/libPng.dylib
0x00007fff453d9000 	/System/Library/Frameworks/ImageIO.framework/Versions/A/Resources/libGIF.dylib
0x00007fff453de000 	/System/Library/Frameworks/ImageIO.framework/Versions/A/Resources/libJP2.dylib
0x00007fff457ec000 	/System/Library/Frameworks/ImageIO.framework/Versions/A/Resources/libRadiance.dylib
0x00007fff52cc6000 	/System/Library/PrivateFrameworks/AppleJPEG.framework/Versions/A/AppleJPEG
0x00007fff47190000 	/System/Library/Frameworks/MetalPerformanceShaders.framework/Frameworks/MPSCore.framework/Versions/A/MPSCore
0x00007fff471ac000 	/System/Library/Frameworks/MetalPerformanceShaders.framework/Frameworks/MPSImage.framework/Versions/A/MPSImage
0x00007fff47241000 	/System/Library/Frameworks/MetalPerformanceShaders.framework/Frameworks/MPSNeuralNetwork.framework/Versions/A/MPSNeuralNetwork
0x00007fff4721c000 	/System/Library/Frameworks/MetalPerformanceShaders.framework/Frameworks/MPSMatrix.framework/Versions/A/MPSMatrix
0x00007fff5e0c1000 	/System/Library/PrivateFrameworks/MetalTools.framework/Versions/A/MetalTools
0x00007fff4c4f6000 	/System/Library/Frameworks/OpenGL.framework/Versions/A/Libraries/libGLU.dylib
0x00007fff4c336000 	/System/Library/Frameworks/OpenGL.framework/Versions/A/Libraries/libGFXShared.dylib
0x00007fff4c340000 	/System/Library/Frameworks/OpenGL.framework/Versions/A/Libraries/libGL.dylib
0x00007fff4c34c000 	/System/Library/Frameworks/OpenGL.framework/Versions/A/Libraries/libGLImage.dylib
0x00007fff4c328000 	/System/Library/Frameworks/OpenGL.framework/Versions/A/Libraries/libCVMSPluginSupport.dylib
0x00007fff4c331000 	/System/Library/Frameworks/OpenGL.framework/Versions/A/Libraries/libCoreVMClient.dylib
0x00007fff68f70000 	/usr/lib/libcups.2.dylib
0x00007fff466f7000 	/System/Library/Frameworks/Kerberos.framework/Versions/A/Kerberos
0x00007fff44ebd000 	/System/Library/Frameworks/GSS.framework/Versions/A/GSS
0x00007fff6a074000 	/usr/lib/libresolv.9.dylib
0x00007fff6916e000 	/usr/lib/libiconv.2.dylib
0x00007fff5c23c000 	/System/Library/PrivateFrameworks/Heimdal.framework/Versions/A/Heimdal
0x00007fff6913d000 	/usr/lib/libheimdal-asn1.dylib
0x00007fff4b19e000 	/System/Library/Frameworks/OpenDirectory.framework/Versions/A/OpenDirectory
0x00007fff54fdc000 	/System/Library/PrivateFrameworks/CommonAuth.framework/Versions/A/CommonAuth
0x00007fff4b181000 	/System/Library/Frameworks/OpenDirectory.framework/Versions/A/Frameworks/CFOpenDirectory.framework/Versions/A/CFOpenDirectory
0x00007fff4eab7000 	/System/Library/Frameworks/SecurityFoundation.framework/Versions/A/SecurityFoundation
0x00007fff51e8b000 	/System/Library/PrivateFrameworks/APFS.framework/Versions/A/APFS
0x00007fff6a4a9000 	/usr/lib/libutil.dylib
0x00007fff52d49000 	/System/Library/PrivateFrameworks/AppleSauce.framework/Versions/A/AppleSauce
0x00007fff5d3a8000 	/System/Library/PrivateFrameworks/LinguisticData.framework/Versions/A/LinguisticData
0x00007fff694f0000 	/usr/lib/libmarisa.dylib
0x00007fff5d362000 	/System/Library/PrivateFrameworks/Lexicon.framework/Versions/A/Lexicon
0x00007fff680ed000 	/usr/lib/libChineseTokenizer.dylib
0x00007fff687b2000 	/usr/lib/libcmph.dylib
0x00007fff5d26c000 	/System/Library/PrivateFrameworks/LanguageModeling.framework/Versions/A/LanguageModeling
0x00007fff55aeb000 	/System/Library/PrivateFrameworks/CoreEmoji.framework/Versions/A/CoreEmoji
0x00007fff4eb75000 	/System/Library/Frameworks/ServiceManagement.framework/Versions/A/ServiceManagement
0x00007fff53593000 	/System/Library/PrivateFrameworks/BackgroundTaskManagement.framework/Versions/A/BackgroundTaskManagement
0x00007fff6a5a6000 	/usr/lib/libxslt.1.dylib
0x00007fff41f75000 	/System/Library/Frameworks/Carbon.framework/Versions/A/Frameworks/Ink.framework/Versions/A/Ink
0x00007fff66437000 	/System/Library/PrivateFrameworks/TextureIO.framework/Versions/A/TextureIO
0x00007fff685d7000 	/usr/lib/libate.dylib
0x00007fff56bc5000 	/System/Library/PrivateFrameworks/CrashReporterSupport.framework/Versions/A/CrashReporterSupport
0x00007fff63787000 	/System/Library/PrivateFrameworks/Sharing.framework/Versions/A/Sharing
0x00007fff5cfad000 	/System/Library/PrivateFrameworks/IconServices.framework/Versions/A/IconServices
0x00007fff531c3000 	/System/Library/PrivateFrameworks/AuthKit.framework/Versions/A/AuthKit
0x00007fff52b49000 	/System/Library/PrivateFrameworks/Apple80211.framework/Versions/A/Apple80211
0x00007fff569da000 	/System/Library/PrivateFrameworks/CoreUtils.framework/Versions/A/CoreUtils
0x00007fff445ba000 	/System/Library/Frameworks/CoreWLAN.framework/Versions/A/CoreWLAN
0x00007fff44fff000 	/System/Library/Frameworks/IOBluetooth.framework/Versions/A/IOBluetooth
0x00007fff61c50000 	/System/Library/PrivateFrameworks/ProtocolBuffer.framework/Versions/A/ProtocolBuffer
0x00007fff5e2aa000 	/System/Library/PrivateFrameworks/MobileKeyBag.framework/Versions/A/MobileKeyBag
0x00007fff5628f000 	/System/Library/PrivateFrameworks/CorePhoneNumbers.framework/Versions/A/CorePhoneNumbers
0x00007fff52c81000 	/System/Library/PrivateFrameworks/AppleIDAuthSupport.framework/Versions/A/AppleIDAuthSupport
0x00007fff5d258000 	/System/Library/PrivateFrameworks/KeychainCircle.framework/Versions/A/KeychainCircle
0x00007fff56b60000 	/System/Library/PrivateFrameworks/CoreWiFi.framework/Versions/A/CoreWiFi
0x00007fff424c0000 	/System/Library/Frameworks/CoreBluetooth.framework/Versions/A/CoreBluetooth
0x00007fff56daf000 	/System/Library/PrivateFrameworks/DebugSymbols.framework/Versions/A/DebugSymbols
0x00007fff56790000 	/System/Library/PrivateFrameworks/CoreSymbolication.framework/Versions/A/CoreSymbolication
0x00007fff65c28000 	/System/Library/PrivateFrameworks/Symbolication.framework/Versions/A/Symbolication
0x00007fff52b73000 	/System/Library/PrivateFrameworks/AppleFSCompression.framework/Versions/A/AppleFSCompression
0x00007fff65075000 	/System/Library/PrivateFrameworks/SpeechRecognitionCore.framework/Versions/A/SpeechRecognitionCore
0x00007fff3ae77000 	/System/Library/CoreServices/Encodings/libKoreanConverter.dylib
0x00000001028d4000 	/Library/Java/JavaVirtualMachines/jdk1.8.0_181.jdk/Contents/Home/jre/lib/server/libjvm.dylib
0x00007fff6a376000 	/usr/lib/libstdc++.6.0.9.dylib
0x0000000103888000 	/Library/Java/JavaVirtualMachines/jdk1.8.0_181.jdk/Contents/Home/jre/lib/libverify.dylib
0x0000000103896000 	/Library/Java/JavaVirtualMachines/jdk1.8.0_181.jdk/Contents/Home/jre/lib/libjava.dylib
0x00000001038cd000 	/Library/Java/JavaVirtualMachines/jdk1.8.0_181.jdk/Contents/Home/jre/lib/libinstrument.dylib
0x000000010396b000 	/Library/Java/JavaVirtualMachines/jdk1.8.0_181.jdk/Contents/Home/jre/lib/libzip.dylib
0x000000010c482000 	/Library/Java/JavaVirtualMachines/jdk1.8.0_181.jdk/Contents/Home/jre/lib/libnet.dylib
0x000000010c4e1000 	/Library/Java/JavaVirtualMachines/jdk1.8.0_181.jdk/Contents/Home/jre/lib/libnio.dylib
0x000000010c750000 	/Library/Java/JavaVirtualMachines/jdk1.8.0_181.jdk/Contents/Home/jre/lib/libprism_es2.dylib
0x00007fff56422000 	/System/Library/PrivateFrameworks/CoreServicesInternal.framework/Versions/A/CoreServicesInternal
0x00007fff4cebc000 	/System/Library/Frameworks/OpenGL.framework/Versions/A/Resources/GLEngine.bundle/GLEngine
0x00007fff4c388000 	/System/Library/Frameworks/OpenGL.framework/Versions/A/Libraries/libGLProgrammability.dylib
0x000000010dbc9000 	/System/Library/Extensions/AppleIntelKBLGraphicsGLDriver.bundle/Contents/MacOS/AppleIntelKBLGraphicsGLDriver
0x00007fff5b423000 	/System/Library/PrivateFrameworks/GPUSupport.framework/Versions/A/Libraries/libGPUSupportMercury.dylib
0x00007fff4d054000 	/System/Library/Frameworks/OpenGL.framework/Versions/A/Resources/GLRendererFloat.bundle/GLRendererFloat
0x00007fff4b11d000 	/System/Library/Frameworks/OpenCL.framework/Versions/A/Libraries/libcldcpuengine.dylib
0x00007fff68c38000 	/usr/lib/libcrypto.35.dylib
0x00007fff6659e000 	/System/Library/PrivateFrameworks/TrustEvaluationAgent.framework/Versions/A/TrustEvaluationAgent
0x000000010cd29000 	/Library/Java/JavaVirtualMachines/jdk1.8.0_181.jdk/Contents/Home/jre/lib/libglass.dylib
0x00007fff3aedc000 	/System/Library/CoreServices/RawCamera.bundle/Contents/MacOS/RawCamera
0x00007fff5e133000 	/System/Library/PrivateFrameworks/MobileAsset.framework/Versions/A/MobileAsset
0x00007fff6552f000 	/System/Library/PrivateFrameworks/StreamingZip.framework/Versions/A/StreamingZip
0x00007fff46a86000 	/System/Library/Frameworks/MediaToolbox.framework/Versions/A/MediaToolbox
0x00007fff5572a000 	/System/Library/PrivateFrameworks/CoreAVCHD.framework/Versions/A/CoreAVCHD
0x00007fff469cf000 	/System/Library/Frameworks/MediaAccessibility.framework/Versions/A/MediaAccessibility
0x00007fff5dbae000 	/System/Library/PrivateFrameworks/Mangrove.framework/Versions/A/Mangrove
0x00007fff43958000 	/System/Library/Frameworks/CoreMedia.framework/Versions/A/CoreMedia
0x00007fff4f143000 	/System/Library/Frameworks/VideoToolbox.framework/Versions/A/VideoToolbox
0x00007fff55321000 	/System/Library/PrivateFrameworks/CoreAUC.framework/Versions/A/CoreAUC
0x00007fff6a0df000 	/usr/lib/libspindump.dylib
0x00007fff52e3e000 	/System/Library/PrivateFrameworks/AppleVA.framework/Versions/A/AppleVA
0x00007fff3ee9f000 	/System/Library/Frameworks/Accelerate.framework/Versions/A/Frameworks/vImage.framework/Versions/A/Libraries/libCGInterfaces.dylib
0x00007fff58171000 	/System/Library/PrivateFrameworks/FamilyControls.framework/Versions/A/FamilyControls
0x00007fff54fcf000 	/System/Library/PrivateFrameworks/CommerceKit.framework/Versions/A/Frameworks/CommerceCore.framework/Versions/A/CommerceCore
0x00007fff65f77000 	/System/Library/PrivateFrameworks/SystemAdministration.framework/Versions/A/SystemAdministration
0x00007fff52afc000 	/System/Library/PrivateFrameworks/AppContainer.framework/Versions/A/AppContainer
0x00007fff6363f000 	/System/Library/PrivateFrameworks/SecCodeWrapper.framework/Versions/A/SecCodeWrapper
0x00007fff570fd000 	/System/Library/PrivateFrameworks/DiskManagement.framework/Versions/A/DiskManagement
0x00007fff447d3000 	/System/Library/Frameworks/DirectoryService.framework/Versions/A/DirectoryService
0x00007fff5702a000 	/System/Library/PrivateFrameworks/DiskImages.framework/Versions/A/DiskImages
0x00007fff5d49f000 	/System/Library/PrivateFrameworks/LoginUIKit.framework/Versions/A/Frameworks/LoginUICore.framework/Versions/A/LoginUICore
0x00007fff680f9000 	/usr/lib/libCoreStorage.dylib
0x00007fff68f64000 	/usr/lib/libcsfde.dylib
0x00007fff69fa8000 	/usr/lib/libodfde.dylib
0x00007fff5dccd000 	/System/Library/PrivateFrameworks/MediaKit.framework/Versions/A/MediaKit
0x00007fff447df000 	/System/Library/Frameworks/DiscRecording.framework/Versions/A/DiscRecording
0x00007fff57279000 	/System/Library/PrivateFrameworks/EFILogin.framework/Versions/A/EFILogin
0x00007fff61bf8000 	/System/Library/PrivateFrameworks/ProtectedCloudStorage.framework/Versions/A/ProtectedCloudStorage
0x00007fff68ff1000 	/usr/lib/libcurl.4.dylib
0x00007fff6a2d0000 	/usr/lib/libssl.35.dylib
0x00007fff46711000 	/System/Library/Frameworks/LDAP.framework/Versions/A/LDAP
0x00007fff6a0cc000 	/usr/lib/libsasl2.2.dylib
0x00007fff55974000 	/System/Library/PrivateFrameworks/CoreDaemon.framework/Versions/B/CoreDaemon
0x00007fff52d40000 	/System/Library/PrivateFrameworks/AppleSRP.framework/Versions/A/AppleSRP
0x000000010ce6f000 	/Library/Java/JavaVirtualMachines/jdk1.8.0_181.jdk/Contents/Home/jre/lib/libsunec.dylib
0x000000010c87c000 	/Library/Java/JavaVirtualMachines/jdk1.8.0_181.jdk/Contents/Home/jre/lib/libjavafx_font.dylib
0x00007fff410c6000 	/System/Library/Frameworks/ApplicationServices.framework/Versions/A/Frameworks/ATS.framework/Versions/A/Resources/libTrueTypeScaler.dylib
0x00007fff3c8bf000 	/System/Library/Extensions/AppleIntelKBLGraphicsMTLDriver.bundle/Contents/MacOS/AppleIntelKBLGraphicsMTLDriver
0x00007fff59dc3000 	/System/Library/PrivateFrameworks/GPUCompiler.framework/Versions/3802/Libraries/libmetal_timestamp.dylib
0x00007fff67429000 	/System/Library/PrivateFrameworks/ViewBridge.framework/Versions/A/ViewBridge
0x000000010d099000 	/Library/Java/JavaVirtualMachines/jdk1.8.0_181.jdk/Contents/Home/jre/lib/libprism_common.dylib
0x0000000110c5f000 	/Library/Java/JavaVirtualMachines/jdk1.8.0_181.jdk/Contents/Home/jre/lib/libawt.dylib
0x0000000123462000 	/Library/Java/JavaVirtualMachines/jdk1.8.0_181.jdk/Contents/Home/jre/lib/./libmlib_image.dylib
0x00007fff466e0000 	/System/Library/Frameworks/JavaVM.framework/Versions/A/Frameworks/JavaNativeFoundation.framework/Versions/A/JavaNativeFoundation
0x00007fff466e9000 	/System/Library/Frameworks/JavaVM.framework/Versions/A/Frameworks/JavaRuntimeSupport.framework/Versions/A/JavaRuntimeSupport
0x00007fff466f2000 	/System/Library/Frameworks/JavaVM.framework/Versions/A/JavaVM
0x00007fff5d16e000 	/System/Library/PrivateFrameworks/JavaLaunching.framework/Versions/A/JavaLaunching
0x00007fff41c60000 	/System/Library/Frameworks/Carbon.framework/Versions/A/Carbon
0x00007fff41c61000 	/System/Library/Frameworks/Carbon.framework/Versions/A/Frameworks/CommonPanels.framework/Versions/A/CommonPanels
0x00007fff41f6b000 	/System/Library/Frameworks/Carbon.framework/Versions/A/Frameworks/Help.framework/Versions/A/Help
0x00007fff41f6f000 	/System/Library/Frameworks/Carbon.framework/Versions/A/Frameworks/ImageCapture.framework/Versions/A/ImageCapture
0x00007fff4200b000 	/System/Library/Frameworks/Carbon.framework/Versions/A/Frameworks/OpenScripting.framework/Versions/A/OpenScripting
0x00007fff42046000 	/System/Library/Frameworks/Carbon.framework/Versions/A/Frameworks/Print.framework/Versions/A/Print
0x00007fff42048000 	/System/Library/Frameworks/Carbon.framework/Versions/A/Frameworks/SecurityHI.framework/Versions/A/SecurityHI
0x0000000110edb000 	/Library/Java/JavaVirtualMachines/jdk1.8.0_181.jdk/Contents/Home/jre/lib/libawt_lwawt.dylib
0x000000010c8ad000 	/Library/Java/JavaVirtualMachines/jdk1.8.0_181.jdk/Contents/Home/jre/lib/./libosxapp.dylib
0x00007fff44a5f000 	/System/Library/Frameworks/ExceptionHandling.framework/Versions/A/ExceptionHandling

VM Arguments:
jvm_args: -Djava.security.manager=worker.org.gradle.process.internal.worker.child.BootstrapSecurityManager -Dorg.gradle.native=false -javaagent:build/tmp/expandedArchives/org.jacoco.agent-0.8.1.jar_8059ed6e1ab8b88aac5d9097fad847bb/jacocoagent.jar=destfile=build/jacoco/test.exec,append=true,inclnolocationclasses=false,dumponexit=true,output=file,jmx=false -Dfile.encoding=UTF-8 -Duser.country=KR -Duser.language=ko -Duser.variant -ea 
java_command: worker.org.gradle.process.internal.worker.GradleWorkerMain 'Gradle Test Executor 1'
java_class_path (initial): /Users/kimtaewoo/.gradle/caches/4.9/workerMain/gradle-worker.jar:build/tmp/expandedArchives/org.jacoco.agent-0.8.1.jar_8059ed6e1ab8b88aac5d9097fad847bb/jacocoagent.jar
Launcher Type: SUN_STANDARD

Environment Variables:
PATH=/usr/bin:/bin:/usr/sbin:/sbin
SHELL=/bin/bash

Signal Handlers:
SIGSEGV: [libjvm.dylib+0x5b6029], sa_mask[0]=11111111011111110111111111111111, sa_flags=SA_ONSTACK|SA_RESTART|SA_SIGINFO
SIGBUS: [libjvm.dylib+0x5b6029], sa_mask[0]=11111111011111110111111111111111, sa_flags=SA_RESTART|SA_SIGINFO
SIGFPE: [libjvm.dylib+0x48b934], sa_mask[0]=11111111011111110111111111111111, sa_flags=SA_RESTART|SA_SIGINFO
SIGPIPE: [libjvm.dylib+0x48b934], sa_mask[0]=11111111011111110111111111111111, sa_flags=SA_RESTART|SA_SIGINFO
SIGXFSZ: [libjvm.dylib+0x48b934], sa_mask[0]=11111111011111110111111111111111, sa_flags=SA_RESTART|SA_SIGINFO
SIGILL: [libjvm.dylib+0x48b934], sa_mask[0]=11111111011111110111111111111111, sa_flags=SA_RESTART|SA_SIGINFO
SIGUSR1: SIG_DFL, sa_mask[0]=00000000000000000000000000000000, sa_flags=none
SIGUSR2: [libjvm.dylib+0x48b452], sa_mask[0]=00100000000000000000000000000000, sa_flags=SA_RESTART|SA_SIGINFO
SIGHUP: [libjvm.dylib+0x489a1d], sa_mask[0]=11111111011111110111111111111111, sa_flags=SA_RESTART|SA_SIGINFO
SIGINT: [libjvm.dylib+0x489a1d], sa_mask[0]=11111111011111110111111111111111, sa_flags=SA_RESTART|SA_SIGINFO
SIGTERM: [libjvm.dylib+0x489a1d], sa_mask[0]=11111111011111110111111111111111, sa_flags=SA_RESTART|SA_SIGINFO
SIGQUIT: [libjvm.dylib+0x489a1d], sa_mask[0]=11111111011111110111111111111111, sa_flags=SA_RESTART|SA_SIGINFO


---------------  S Y S T E M  ---------------

OS:Bsduname:Darwin 17.7.0 Darwin Kernel Version 17.7.0: Thu Jun 21 22:53:14 PDT 2018; root:xnu-4570.71.2~1/RELEASE_X86_64 x86_64
rlimit: STACK 8192k, CORE 0k, NPROC 709, NOFILE 10240, AS infinity
load average:10.19 5.24 4.36

CPU:total 4 (initial active 4) (2 cores per cpu, 2 threads per core) family 6 model 142 stepping 9, cmov, cx8, fxsr, mmx, sse, sse2, sse3, ssse3, sse4.1, sse4.2, popcnt, avx, avx2, aes, clmul, erms, rtm, 3dnowpref, lzcnt, ht, tsc, tscinvbit, bmi1, bmi2, adx

Memory: 4k page, physical 8388608k(17616k free)

/proc/meminfo:


vm_info: Java HotSpot(TM) 64-Bit Server VM (25.181-b13) for bsd-amd64 JRE (1.8.0_181-b13), built on Jul  7 2018 01:02:31 by "java_re" with gcc 4.2.1 (Based on Apple Inc. build 5658) (LLVM build 2336.11.00)

time: Mon Nov 26 18:24:56 2018
elapsed time: 200 seconds (0d 0h 3m 20s)

